<?xml version="1.0" encoding="UTF-8"?>
<!-- Generated by org.testng.reporters.JUnitXMLReporter -->
<testsuite ignored="1" hostname="DELL-PC" failures="0" tests="3" name="Test1" time="109.706" errors="0" timestamp="2023-12-31T18:54:13 IST">
  <testcase classname="tests.Demo_TestNG" name="googleSearch" time="29.732"/>
  <testcase classname="tests.Demo_ExtentReports" name="googleSearchTest2" time="39.909"/>
  <testcase classname="tests.Demo_ExtentReports" name="googleSearchTest3" time="23.91"/>
  <testcase classname="tests.Demo_ExtentReports" name="googleSearchTest1" time="0.0">
    <ignored/>
  </testcase> <!-- googleSearchTest1 -->
</testsuite> <!-- Test1 -->
