<?xml version="1.0" encoding="UTF-8"?>
<testng-results ignored="0" total="1" passed="1" failed="0" skipped="0">
  <reporter-output>
  </reporter-output>
  <suite started-at="2023-12-31T16:02:10 IST" name="Default suite" finished-at="2023-12-31T16:03:06 IST" duration-ms="55153">
    <groups>
    </groups>
    <test started-at="2023-12-31T16:02:10 IST" name="Default test" finished-at="2023-12-31T16:03:06 IST" duration-ms="55153">
      <class name="Demo_TestNG">
        <test-method is-config="true" signature="setUpTest()[pri:0, instance:Demo_TestNG@548d708a]" started-at="2023-12-31T16:02:10 IST" name="setUpTest" finished-at="2023-12-31T16:02:49 IST" duration-ms="38397" status="PASS">
          <reporter-output>
          </reporter-output>
        </test-method> <!-- setUpTest -->
        <test-method signature="googleSearch()[pri:0, instance:Demo_TestNG@548d708a]" started-at="2023-12-31T16:02:49 IST" name="googleSearch" finished-at="2023-12-31T16:03:05 IST" duration-ms="15850" status="PASS">
          <reporter-output>
          </reporter-output>
        </test-method> <!-- googleSearch -->
        <test-method is-config="true" signature="tearDownTest()[pri:0, instance:Demo_TestNG@548d708a]" started-at="2023-12-31T16:03:05 IST" name="tearDownTest" finished-at="2023-12-31T16:03:06 IST" duration-ms="572" status="PASS">
          <reporter-output>
          </reporter-output>
        </test-method> <!-- tearDownTest -->
      </class> <!-- Demo_TestNG -->
    </test> <!-- Default test -->
  </suite> <!-- Default suite -->
</testng-results>
